<?xml version="1.0" encoding="UTF-8"?>
<testsuite xmlns:xsi="http://www.w3.org/2001/XMLSchema-instance" xsi:noNamespaceSchemaLocation="https://maven.apache.org/surefire/maven-surefire-plugin/xsd/surefire-test-report.xsd" version="3.0.1" name="TestSuite" time="814.107" tests="36" errors="0" skipped="0" failures="7">
  <properties>
[...]
</properties>
  <testcase name="testValidLogin" classname="com.opencart.tests.LoginTests" time="22.519">
    <system-out><![CDATA[[INFO] config.properties loaded successfully
[INFO] Extent report initialized: D:\VKCodeAssure\GitHub\OpenCart-HybridFramework-Selenium-TestNG-Java-Maven\reports\ExtentReport_Log.html
[INFO] Test Suite started: Login Tests
INFO: Log4j configured from: D:\VKCodeAssure\GitHub\OpenCart-HybridFramework-Selenium-TestNG-Java-Maven/src/test/resources/log4j.properties
[INFO] Test started: testValidLogin
]]></system-out>
    <system-err><![CDATA[[main] WARN org.testng.xml.TestNGContentHandler - It is strongly recommended to add "<!DOCTYPE suite SYSTEM "https://testng.org/testng-1.1.dtd" >" at the top of the suite file [D:\VKCodeAssure\GitHub\OpenCart-HybridFramework-Selenium-TestNG-Java-Maven\testng.xml] otherwise TestNG may fail or not work as expected.
[main] WARN org.testng.TestNG - Ignoring duplicate listener : io.qameta.allure.testng.AllureTestNg
[main] WARN org.testng.TestNG - Ignoring duplicate listener : io.qameta.allure.testng.AllureTestNg
[main] WARN org.testng.TestNG - Ignoring duplicate listener : io.qameta.allure.testng.AllureTestNg
[main] WARN org.testng.TestNG - Ignoring duplicate listener : io.qameta.allure.testng.AllureTestNg
[main] WARN org.testng.TestNG - Ignoring duplicate listener : io.qameta.allure.testng.AllureTestNg
[main] WARN org.testng.TestNG - Ignoring duplicate listener : io.qameta.allure.testng.AllureTestNg
log4j:WARN No appenders could be found for logger (com.opencart.base.BaseTest).
log4j:WARN Please initialize the log4j system properly.
log4j:WARN See http://logging.apache.org/log4j/1.2/faq.html#noconfig for more info.
[main] INFO io.github.bonigarcia.wdm.WebDriverManager - Using chromedriver 141.0.7390.122 (resolved driver for Chrome 141)
[main] INFO io.github.bonigarcia.wdm.WebDriverManager - Exporting webdriver.chrome.driver as C:\Users\vimal\.cache\selenium\chromedriver\win64\141.0.7390.122\chromedriver.exe
Oct 30, 2025 9:45:17 PM org.openqa.selenium.devtools.CdpVersionFinder findNearestMatch
WARNING: Unable to find CDP implementation matching 141
Oct 30, 2025 9:45:18 PM org.openqa.selenium.chromium.ChromiumDriver lambda$new$5
WARNING: Unable to find version of CDP to use for 141.0.7390.123. You may need to include a dependency on a specific version of the CDP using something similar to `org.seleniumhq.selenium:selenium-devtools-v86:4.25.0` where the version ("v86") matches the version of the chromium-based browser you're using and the version number of the artifact is the same as Selenium's.
]]></system-err>
  </testcase>
  <testcase name="testValidLoginWithLastRowData[vk636485@gmail.com, Vimalutr16@](1)" classname="com.opencart.tests.LoginTests" time="15.068">
    <system-out><![CDATA[[INFO] Test passed: testValidLogin
[INFO] Test started: testValidLoginWithLastRowData
]]></system-out>
    <system-err><![CDATA[[main] ERROR io.qameta.allure.AllureLifecycle - Could not add attachment: no test is running
]]></system-err>
  </testcase>
  <testcase name="testInvalidEmailAndPassword" classname="com.opencart.tests.LoginTests" time="5.88">
    <system-out><![CDATA[[INFO] Test passed: testValidLoginWithLastRowData
[INFO] Test started: testInvalidEmailAndPassword
]]></system-out>
    <system-err><![CDATA[[main] ERROR io.qameta.allure.AllureLifecycle - Could not add attachment: no test is running
]]></system-err>
  </testcase>
  <testcase name="testInvalidEmailValidPassword" classname="com.opencart.tests.LoginTests" time="12.56">
    <system-out><![CDATA[[INFO] Test passed: testInvalidEmailAndPassword
[INFO] Test started: testInvalidEmailValidPassword
]]></system-out>
    <system-err><![CDATA[[main] ERROR io.qameta.allure.AllureLifecycle - Could not add attachment: no test is running
]]></system-err>
  </testcase>
  <testcase name="testValidEmailInvalidPassword" classname="com.opencart.tests.LoginTests" time="12.45">
    <system-out><![CDATA[[INFO] Test passed: testInvalidEmailValidPassword
[INFO] Test started: testValidEmailInvalidPassword
]]></system-out>
    <system-err><![CDATA[[main] ERROR io.qameta.allure.AllureLifecycle - Could not add attachment: no test is running
]]></system-err>
  </testcase>
  <testcase name="testEmptyCredentials" classname="com.opencart.tests.LoginTests" time="12.886">
    <system-out><![CDATA[[INFO] Test passed: testValidEmailInvalidPassword
[INFO] Test started: testEmptyCredentials
]]></system-out>
    <system-err><![CDATA[[main] ERROR io.qameta.allure.AllureLifecycle - Could not add attachment: no test is running
]]></system-err>
  </testcase>
  <testcase name="testForgottenPasswordLink" classname="com.opencart.tests.LoginTests" time="21.642">
    <system-out><![CDATA[[INFO] Test passed: testEmptyCredentials
[INFO] Test started: testForgottenPasswordLink
]]></system-out>
    <system-err><![CDATA[[main] ERROR io.qameta.allure.AllureLifecycle - Could not add attachment: no test is running
]]></system-err>
  </testcase>
  <testcase name="testKeyboardNavigationLogin" classname="com.opencart.tests.LoginTests" time="55.112">
    <system-out><![CDATA[[INFO] Test passed: testForgottenPasswordLink
[INFO] Test started: testKeyboardNavigationLogin
[WARNING] Normal click failed for locator: By.xpath: //a[contains(text(), 'Logout')]. Retrying via JS...
]]></system-out>
    <system-err><![CDATA[[main] ERROR io.qameta.allure.AllureLifecycle - Could not add attachment: no test is running
]]></system-err>
  </testcase>
  <testcase name="testPlaceholderTexts" classname="com.opencart.tests.LoginTests" time="30.665">
    <failure message="Failed to navigate to Login page" type="java.lang.RuntimeException"><![CDATA[java.lang.RuntimeException: Failed to navigate to Login page
	at com.opencart.pages.LoginPage.navigateToLogin(LoginPage.java:70)
	at com.opencart.tests.LoginTests.testPlaceholderTexts(LoginTests.java:339)
	at java.base/jdk.internal.reflect.NativeMethodAccessorImpl.invoke0(Native Method)
	at java.base/jdk.internal.reflect.NativeMethodAccessorImpl.invoke(NativeMethodAccessorImpl.java:77)
	at java.base/jdk.internal.reflect.DelegatingMethodAccessorImpl.invoke(DelegatingMethodAccessorImpl.java:43)
	at java.base/java.lang.reflect.Method.invoke(Method.java:569)
	at org.testng.internal.invokers.MethodInvocationHelper.invokeMethod(MethodInvocationHelper.java:141)
	at org.testng.internal.invokers.TestInvoker.invokeMethod(TestInvoker.java:687)
	at org.testng.internal.invokers.TestInvoker.invokeTestMethod(TestInvoker.java:230)
	at org.testng.internal.invokers.MethodRunner.runInSequence(MethodRunner.java:63)
	at org.testng.internal.invokers.TestInvoker$MethodInvocationAgent.invoke(TestInvoker.java:995)
	at org.testng.internal.invokers.TestInvoker.invokeTestMethods(TestInvoker.java:203)
	at org.testng.internal.invokers.TestMethodWorker.invokeTestMethods(TestMethodWorker.java:154)
	at org.testng.internal.invokers.TestMethodWorker.run(TestMethodWorker.java:134)
	at java.base/java.util.ArrayList.forEach(ArrayList.java:1511)
	at org.testng.TestRunner.privateRun(TestRunner.java:741)
	at org.testng.TestRunner.run(TestRunner.java:616)
	at org.testng.SuiteRunner.runTest(SuiteRunner.java:421)
	at org.testng.SuiteRunner.runSequentially(SuiteRunner.java:413)
	at org.testng.SuiteRunner.privateRun(SuiteRunner.java:373)
	at org.testng.SuiteRunner.run(SuiteRunner.java:312)
	at org.testng.SuiteRunnerWorker.runSuite(SuiteRunnerWorker.java:52)
	at org.testng.SuiteRunnerWorker.run(SuiteRunnerWorker.java:95)
	at org.testng.TestNG.runSuitesSequentially(TestNG.java:1274)
	at org.testng.TestNG.runSuitesLocally(TestNG.java:1208)
	at org.testng.TestNG.runSuites(TestNG.java:1112)
	at org.testng.TestNG.run(TestNG.java:1079)
	at org.apache.maven.surefire.testng.TestNGExecutor.run(TestNGExecutor.java:308)
	at org.apache.maven.surefire.testng.TestNGXmlTestSuite.execute(TestNGXmlTestSuite.java:71)
	at org.apache.maven.surefire.testng.TestNGProvider.invoke(TestNGProvider.java:113)
	at org.apache.maven.surefire.booter.ForkedBooter.runSuitesInProcess(ForkedBooter.java:385)
	at org.apache.maven.surefire.booter.ForkedBooter.execute(ForkedBooter.java:162)
	at org.apache.maven.surefire.booter.ForkedBooter.run(ForkedBooter.java:507)
	at org.apache.maven.surefire.booter.ForkedBooter.main(ForkedBooter.java:495)
Caused by: org.openqa.selenium.TimeoutException: Expected condition failed: waiting for element to be clickable: By.xpath: //a[contains(text(), 'Login')] (tried for 20 second(s) with 500 milliseconds interval)
Build info: version: '4.25.0', revision: '8a8aea2337'
System info: os.name: 'Windows 11', os.arch: 'amd64', os.version: '10.0', java.version: '17.0.16'
Driver info: org.openqa.selenium.chrome.ChromeDriver
Capabilities {acceptInsecureCerts: false, browserName: chrome, browserVersion: 141.0.7390.123, chrome: {chromedriverVersion: 141.0.7390.122 (b477534e7e1..., userDataDir: C:\Users\vimal\AppData\Loca...}, fedcm:accounts: true, goog:chromeOptions: {debuggerAddress: localhost:63541}, networkConnectionEnabled: false, pageLoadStrategy: normal, platformName: windows, proxy: Proxy(), se:cdp: ws://localhost:63541/devtoo..., se:cdpVersion: 141.0.7390.123, setWindowRect: true, strictFileInteractability: false, timeouts: {implicit: 0, pageLoad: 300000, script: 30000}, unhandledPromptBehavior: dismiss and notify, webauthn:extension:credBlob: true, webauthn:extension:largeBlob: true, webauthn:extension:minPinLength: true, webauthn:extension:prf: true, webauthn:virtualAuthenticators: true}
Session ID: b57aa99404cb743aed19b4cb086b88a2
	at org.openqa.selenium.support.ui.WebDriverWait.timeoutException(WebDriverWait.java:84)
	at org.openqa.selenium.support.ui.FluentWait.until(FluentWait.java:228)
	at com.opencart.utilities.WaitUtils.waitForElementToBeClickable(WaitUtils.java:56)
	at com.opencart.pages.LoginPage.navigateToLogin(LoginPage.java:56)
	... 33 more
]]></failure>
    <system-out><![CDATA[[INFO] Test passed: testKeyboardNavigationLogin
[INFO] Test started: testPlaceholderTexts
]]></system-out>
    <system-err><![CDATA[[main] ERROR io.qameta.allure.AllureLifecycle - Could not add attachment: no test is running
]]></system-err>
  </testcase>
  <testcase name="testBrowserBackAfterLogin" classname="com.opencart.tests.LoginTests" time="58.279">
    <system-out><![CDATA[[INFO] Test failed: testPlaceholderTexts
[INFO] Test started: testBrowserBackAfterLogin
[WARNING] Normal click failed for locator: By.xpath: //a[contains(text(), 'Logout')]. Retrying via JS...
]]></system-out>
    <system-err><![CDATA[[main] ERROR io.qameta.allure.AllureLifecycle - Could not add attachment: no test is running
[main] ERROR io.qameta.allure.AllureLifecycle - Could not add attachment: no test is running
[WARNING] Unable to access WebDriver: driver
]]></system-err>
  </testcase>
  <testcase name="testBrowserBackAfterLogout" classname="com.opencart.tests.LoginTests" time="31.11">
    <failure message="Failed to navigate to Login page" type="java.lang.RuntimeException"><![CDATA[java.lang.RuntimeException: Failed to navigate to Login page
	at com.opencart.pages.LoginPage.navigateToLogin(LoginPage.java:70)
	at com.opencart.tests.LoginTests.testBrowserBackAfterLogout(LoginTests.java:395)
	at java.base/jdk.internal.reflect.NativeMethodAccessorImpl.invoke0(Native Method)
	at java.base/jdk.internal.reflect.NativeMethodAccessorImpl.invoke(NativeMethodAccessorImpl.java:77)
	at java.base/jdk.internal.reflect.DelegatingMethodAccessorImpl.invoke(DelegatingMethodAccessorImpl.java:43)
	at java.base/java.lang.reflect.Method.invoke(Method.java:569)
	at org.testng.internal.invokers.MethodInvocationHelper.invokeMethod(MethodInvocationHelper.java:141)
	at org.testng.internal.invokers.TestInvoker.invokeMethod(TestInvoker.java:687)
	at org.testng.internal.invokers.TestInvoker.invokeTestMethod(TestInvoker.java:230)
	at org.testng.internal.invokers.MethodRunner.runInSequence(MethodRunner.java:63)
	at org.testng.internal.invokers.TestInvoker$MethodInvocationAgent.invoke(TestInvoker.java:995)
	at org.testng.internal.invokers.TestInvoker.invokeTestMethods(TestInvoker.java:203)
	at org.testng.internal.invokers.TestMethodWorker.invokeTestMethods(TestMethodWorker.java:154)
	at org.testng.internal.invokers.TestMethodWorker.run(TestMethodWorker.java:134)
	at java.base/java.util.ArrayList.forEach(ArrayList.java:1511)
	at org.testng.TestRunner.privateRun(TestRunner.java:741)
	at org.testng.TestRunner.run(TestRunner.java:616)
	at org.testng.SuiteRunner.runTest(SuiteRunner.java:421)
	at org.testng.SuiteRunner.runSequentially(SuiteRunner.java:413)
	at org.testng.SuiteRunner.privateRun(SuiteRunner.java:373)
	at org.testng.SuiteRunner.run(SuiteRunner.java:312)
	at org.testng.SuiteRunnerWorker.runSuite(SuiteRunnerWorker.java:52)
	at org.testng.SuiteRunnerWorker.run(SuiteRunnerWorker.java:95)
	at org.testng.TestNG.runSuitesSequentially(TestNG.java:1274)
	at org.testng.TestNG.runSuitesLocally(TestNG.java:1208)
	at org.testng.TestNG.runSuites(TestNG.java:1112)
	at org.testng.TestNG.run(TestNG.java:1079)
	at org.apache.maven.surefire.testng.TestNGExecutor.run(TestNGExecutor.java:308)
	at org.apache.maven.surefire.testng.TestNGXmlTestSuite.execute(TestNGXmlTestSuite.java:71)
	at org.apache.maven.surefire.testng.TestNGProvider.invoke(TestNGProvider.java:113)
	at org.apache.maven.surefire.booter.ForkedBooter.runSuitesInProcess(ForkedBooter.java:385)
	at org.apache.maven.surefire.booter.ForkedBooter.execute(ForkedBooter.java:162)
	at org.apache.maven.surefire.booter.ForkedBooter.run(ForkedBooter.java:507)
	at org.apache.maven.surefire.booter.ForkedBooter.main(ForkedBooter.java:495)
Caused by: org.openqa.selenium.TimeoutException: Expected condition failed: waiting for element to be clickable: By.xpath: //a[contains(text(), 'Login')] (tried for 20 second(s) with 500 milliseconds interval)
Build info: version: '4.25.0', revision: '8a8aea2337'
System info: os.name: 'Windows 11', os.arch: 'amd64', os.version: '10.0', java.version: '17.0.16'
Driver info: org.openqa.selenium.chrome.ChromeDriver
Capabilities {acceptInsecureCerts: false, browserName: chrome, browserVersion: 141.0.7390.123, chrome: {chromedriverVersion: 141.0.7390.122 (b477534e7e1..., userDataDir: C:\Users\vimal\AppData\Loca...}, fedcm:accounts: true, goog:chromeOptions: {debuggerAddress: localhost:63541}, networkConnectionEnabled: false, pageLoadStrategy: normal, platformName: windows, proxy: Proxy(), se:cdp: ws://localhost:63541/devtoo..., se:cdpVersion: 141.0.7390.123, setWindowRect: true, strictFileInteractability: false, timeouts: {implicit: 0, pageLoad: 300000, script: 30000}, unhandledPromptBehavior: dismiss and notify, webauthn:extension:credBlob: true, webauthn:extension:largeBlob: true, webauthn:extension:minPinLength: true, webauthn:extension:prf: true, webauthn:virtualAuthenticators: true}
Session ID: b57aa99404cb743aed19b4cb086b88a2
	at org.openqa.selenium.support.ui.WebDriverWait.timeoutException(WebDriverWait.java:84)
	at org.openqa.selenium.support.ui.FluentWait.until(FluentWait.java:228)
	at com.opencart.utilities.WaitUtils.waitForElementToBeClickable(WaitUtils.java:56)
	at com.opencart.pages.LoginPage.navigateToLogin(LoginPage.java:56)
	... 33 more
]]></failure>
    <system-out><![CDATA[[INFO] Test passed: testBrowserBackAfterLogin
[INFO] Test started: testBrowserBackAfterLogout
]]></system-out>
    <system-err><![CDATA[[main] ERROR io.qameta.allure.AllureLifecycle - Could not add attachment: no test is running
]]></system-err>
  </testcase>
  <testcase name="testMultipleUnsuccessfulLogins" classname="com.opencart.tests.LoginTests" time="32.983">
    <failure message="Error during login" type="java.lang.RuntimeException"><![CDATA[java.lang.RuntimeException: Error during login
	at com.opencart.pages.LoginPage.login(LoginPage.java:109)
	at com.opencart.pages.LoginPage.attemptMultipleInvalidLogins(LoginPage.java:140)
	at com.opencart.tests.LoginTests.testMultipleUnsuccessfulLogins(LoginTests.java:425)
	at java.base/jdk.internal.reflect.NativeMethodAccessorImpl.invoke0(Native Method)
	at java.base/jdk.internal.reflect.NativeMethodAccessorImpl.invoke(NativeMethodAccessorImpl.java:77)
	at java.base/jdk.internal.reflect.DelegatingMethodAccessorImpl.invoke(DelegatingMethodAccessorImpl.java:43)
	at java.base/java.lang.reflect.Method.invoke(Method.java:569)
	at org.testng.internal.invokers.MethodInvocationHelper.invokeMethod(MethodInvocationHelper.java:141)
	at org.testng.internal.invokers.TestInvoker.invokeMethod(TestInvoker.java:687)
	at org.testng.internal.invokers.TestInvoker.invokeTestMethod(TestInvoker.java:230)
	at org.testng.internal.invokers.MethodRunner.runInSequence(MethodRunner.java:63)
	at org.testng.internal.invokers.TestInvoker$MethodInvocationAgent.invoke(TestInvoker.java:995)
	at org.testng.internal.invokers.TestInvoker.invokeTestMethods(TestInvoker.java:203)
	at org.testng.internal.invokers.TestMethodWorker.invokeTestMethods(TestMethodWorker.java:154)
	at org.testng.internal.invokers.TestMethodWorker.run(TestMethodWorker.java:134)
	at java.base/java.util.ArrayList.forEach(ArrayList.java:1511)
	at org.testng.TestRunner.privateRun(TestRunner.java:741)
	at org.testng.TestRunner.run(TestRunner.java:616)
	at org.testng.SuiteRunner.runTest(SuiteRunner.java:421)
	at org.testng.SuiteRunner.runSequentially(SuiteRunner.java:413)
	at org.testng.SuiteRunner.privateRun(SuiteRunner.java:373)
	at org.testng.SuiteRunner.run(SuiteRunner.java:312)
	at org.testng.SuiteRunnerWorker.runSuite(SuiteRunnerWorker.java:52)
	at org.testng.SuiteRunnerWorker.run(SuiteRunnerWorker.java:95)
	at org.testng.TestNG.runSuitesSequentially(TestNG.java:1274)
	at org.testng.TestNG.runSuitesLocally(TestNG.java:1208)
	at org.testng.TestNG.runSuites(TestNG.java:1112)
	at org.testng.TestNG.run(TestNG.java:1079)
	at org.apache.maven.surefire.testng.TestNGExecutor.run(TestNGExecutor.java:308)
	at org.apache.maven.surefire.testng.TestNGXmlTestSuite.execute(TestNGXmlTestSuite.java:71)
	at org.apache.maven.surefire.testng.TestNGProvider.invoke(TestNGProvider.java:113)
	at org.apache.maven.surefire.booter.ForkedBooter.runSuitesInProcess(ForkedBooter.java:385)
	at org.apache.maven.surefire.booter.ForkedBooter.execute(ForkedBooter.java:162)
	at org.apache.maven.surefire.booter.ForkedBooter.run(ForkedBooter.java:507)
	at org.apache.maven.surefire.booter.ForkedBooter.main(ForkedBooter.java:495)
Caused by: org.openqa.selenium.TimeoutException: Expected condition failed: waiting for visibility of element located by By.id: input-email (tried for 20 second(s) with 500 milliseconds interval)
Build info: version: '4.25.0', revision: '8a8aea2337'
System info: os.name: 'Windows 11', os.arch: 'amd64', os.version: '10.0', java.version: '17.0.16'
Driver info: org.openqa.selenium.chrome.ChromeDriver
Capabilities {acceptInsecureCerts: false, browserName: chrome, browserVersion: 141.0.7390.123, chrome: {chromedriverVersion: 141.0.7390.122 (b477534e7e1..., userDataDir: C:\Users\vimal\AppData\Loca...}, fedcm:accounts: true, goog:chromeOptions: {debuggerAddress: localhost:63541}, networkConnectionEnabled: false, pageLoadStrategy: normal, platformName: windows, proxy: Proxy(), se:cdp: ws://localhost:63541/devtoo..., se:cdpVersion: 141.0.7390.123, setWindowRect: true, strictFileInteractability: false, timeouts: {implicit: 0, pageLoad: 300000, script: 30000}, unhandledPromptBehavior: dismiss and notify, webauthn:extension:credBlob: true, webauthn:extension:largeBlob: true, webauthn:extension:minPinLength: true, webauthn:extension:prf: true, webauthn:virtualAuthenticators: true}
Session ID: b57aa99404cb743aed19b4cb086b88a2
	at org.openqa.selenium.support.ui.WebDriverWait.timeoutException(WebDriverWait.java:84)
	at org.openqa.selenium.support.ui.FluentWait.until(FluentWait.java:228)
	at com.opencart.utilities.WaitUtils.waitForElementToBeVisible(WaitUtils.java:42)
	at com.opencart.base.CommonWrapper.clickAndInputValue(CommonWrapper.java:121)
	at com.opencart.pages.LoginPage.login(LoginPage.java:93)
	... 34 more
]]></failure>
    <system-out><![CDATA[[INFO] Test failed: testBrowserBackAfterLogout
[INFO] Test started: testMultipleUnsuccessfulLogins
]]></system-out>
    <system-err><![CDATA[[main] ERROR io.qameta.allure.AllureLifecycle - Could not add attachment: no test is running
[main] ERROR io.qameta.allure.AllureLifecycle - Could not add attachment: no test is running
[WARNING] Unable to access WebDriver: driver
]]></system-err>
  </testcase>
  <testcase name="testPasswordMasking" classname="com.opencart.tests.LoginTests" time="4.738">
    <system-out><![CDATA[[INFO] Test failed: testMultipleUnsuccessfulLogins
[INFO] Test started: testPasswordMasking
]]></system-out>
    <system-err><![CDATA[[main] ERROR io.qameta.allure.AllureLifecycle - Could not add attachment: no test is running
[main] ERROR io.qameta.allure.AllureLifecycle - Could not add attachment: no test is running
[WARNING] Unable to access WebDriver: driver
]]></system-err>
  </testcase>
  <testcase name="testPasswordCopyRestriction" classname="com.opencart.tests.LoginTests" time="12.63">
    <system-out><![CDATA[[INFO] Test passed: testPasswordMasking
[INFO] Test started: testPasswordCopyRestriction
]]></system-out>
    <system-err><![CDATA[[main] ERROR io.qameta.allure.AllureLifecycle - Could not add attachment: no test is running
]]></system-err>
  </testcase>
  <testcase name="testPasswordNotInSource" classname="com.opencart.tests.LoginTests" time="10.843">
    <system-out><![CDATA[[INFO] Test passed: testPasswordCopyRestriction
[INFO] Test started: testPasswordNotInSource
]]></system-out>
    <system-err><![CDATA[[main] ERROR io.qameta.allure.AllureLifecycle - Could not add attachment: no test is running
]]></system-err>
  </testcase>
  <testcase name="testLoginAfterPasswordChange" classname="com.opencart.tests.LoginTests" time="0.0">
    <system-out><![CDATA[[INFO] Test passed: testPasswordNotInSource
[INFO] Test started: testLoginAfterPasswordChange
]]></system-out>
    <system-err><![CDATA[[main] ERROR io.qameta.allure.AllureLifecycle - Could not add attachment: no test is running
]]></system-err>
  </testcase>
  <testcase name="testSessionPersistence" classname="com.opencart.tests.LoginTests" time="17.29">
    <system-out><![CDATA[[INFO] Test passed: testLoginAfterPasswordChange
[INFO] Test started: testSessionPersistence
]]></system-out>
    <system-err><![CDATA[[main] ERROR io.qameta.allure.AllureLifecycle - Could not add attachment: no test is running
]]></system-err>
  </testcase>
  <testcase name="testNavigationFromLoginPage" classname="com.opencart.tests.LoginTests" time="5.603">
    <system-out><![CDATA[[INFO] Test passed: testSessionPersistence
[INFO] Test started: testNavigationFromLoginPage
]]></system-out>
    <system-err><![CDATA[[main] ERROR io.qameta.allure.AllureLifecycle - Could not add attachment: no test is running
]]></system-err>
  </testcase>
  <testcase name="testMultipleNavigationWays" classname="com.opencart.tests.LoginTests" time="10.884">
    <system-out><![CDATA[[INFO] Test passed: testNavigationFromLoginPage
[INFO] Test started: testMultipleNavigationWays
]]></system-out>
    <system-err><![CDATA[[main] ERROR io.qameta.allure.AllureLifecycle - Could not add attachment: no test is running
]]></system-err>
  </testcase>
  <testcase name="testPageMetadata" classname="com.opencart.tests.LoginTests" time="10.958">
    <system-out><![CDATA[[INFO] Test passed: testMultipleNavigationWays
[INFO] Test started: testPageMetadata
]]></system-out>
    <system-err><![CDATA[[main] ERROR io.qameta.allure.AllureLifecycle - Could not add attachment: no test is running
]]></system-err>
  </testcase>
  <testcase name="testUILayout" classname="com.opencart.tests.LoginTests" time="14.812">
    <system-out><![CDATA[[INFO] Test passed: testPageMetadata
[INFO] Test started: testUILayout
]]></system-out>
    <system-err><![CDATA[[main] ERROR io.qameta.allure.AllureLifecycle - Could not add attachment: no test is running
]]></system-err>
  </testcase>
  <testcase name="testCrossBrowserCompatibility" classname="com.opencart.tests.LoginTests" time="17.336">
    <system-out><![CDATA[[INFO] Test passed: testUILayout
[INFO] Test started: testCrossBrowserCompatibility
]]></system-out>
    <system-err><![CDATA[[main] ERROR io.qameta.allure.AllureLifecycle - Could not add attachment: no test is running
]]></system-err>
  </testcase>
  <testcase name="testDataDrivenLogin[vimalkumarm523@gmail.com, Tester123!, SUCCESS](1)" classname="com.opencart.tests.LoginTests" time="47.674">
    <system-out><![CDATA[[INFO] Test passed: testCrossBrowserCompatibility
[INFO] Test started: testDataDrivenLogin
[WARNING] Normal click failed for locator: By.xpath: //a[contains(text(), 'Logout')]. Retrying via JS...
]]></system-out>
    <system-err><![CDATA[[main] ERROR io.qameta.allure.AllureLifecycle - Could not add attachment: no test is running
]]></system-err>
  </testcase>
  <testcase name="testDataDrivenLogin[vk636485@gmail.com, Vimalutr16@, SUCCESS](2)" classname="com.opencart.tests.LoginTests" time="30.707">
    <failure message="Failed to navigate to Login page" type="java.lang.RuntimeException"><![CDATA[java.lang.RuntimeException: Failed to navigate to Login page
	at com.opencart.pages.LoginPage.navigateToLogin(LoginPage.java:70)
	at com.opencart.tests.LoginTests.testDataDrivenLogin(LoginTests.java:712)
	at java.base/jdk.internal.reflect.NativeMethodAccessorImpl.invoke0(Native Method)
	at java.base/jdk.internal.reflect.NativeMethodAccessorImpl.invoke(NativeMethodAccessorImpl.java:77)
	at java.base/jdk.internal.reflect.DelegatingMethodAccessorImpl.invoke(DelegatingMethodAccessorImpl.java:43)
	at java.base/java.lang.reflect.Method.invoke(Method.java:569)
	at org.testng.internal.invokers.MethodInvocationHelper.invokeMethod(MethodInvocationHelper.java:141)
	at org.testng.internal.invokers.TestInvoker.invokeMethod(TestInvoker.java:687)
	at org.testng.internal.invokers.TestInvoker.invokeTestMethod(TestInvoker.java:230)
	at org.testng.internal.invokers.MethodRunner.runInSequence(MethodRunner.java:63)
	at org.testng.internal.invokers.TestInvoker$MethodInvocationAgent.invoke(TestInvoker.java:995)
	at org.testng.internal.invokers.TestInvoker.invokeTestMethods(TestInvoker.java:203)
	at org.testng.internal.invokers.TestMethodWorker.invokeTestMethods(TestMethodWorker.java:154)
	at org.testng.internal.invokers.TestMethodWorker.run(TestMethodWorker.java:134)
	at java.base/java.util.ArrayList.forEach(ArrayList.java:1511)
	at org.testng.TestRunner.privateRun(TestRunner.java:741)
	at org.testng.TestRunner.run(TestRunner.java:616)
	at org.testng.SuiteRunner.runTest(SuiteRunner.java:421)
	at org.testng.SuiteRunner.runSequentially(SuiteRunner.java:413)
	at org.testng.SuiteRunner.privateRun(SuiteRunner.java:373)
	at org.testng.SuiteRunner.run(SuiteRunner.java:312)
	at org.testng.SuiteRunnerWorker.runSuite(SuiteRunnerWorker.java:52)
	at org.testng.SuiteRunnerWorker.run(SuiteRunnerWorker.java:95)
	at org.testng.TestNG.runSuitesSequentially(TestNG.java:1274)
	at org.testng.TestNG.runSuitesLocally(TestNG.java:1208)
	at org.testng.TestNG.runSuites(TestNG.java:1112)
	at org.testng.TestNG.run(TestNG.java:1079)
	at org.apache.maven.surefire.testng.TestNGExecutor.run(TestNGExecutor.java:308)
	at org.apache.maven.surefire.testng.TestNGXmlTestSuite.execute(TestNGXmlTestSuite.java:71)
	at org.apache.maven.surefire.testng.TestNGProvider.invoke(TestNGProvider.java:113)
	at org.apache.maven.surefire.booter.ForkedBooter.runSuitesInProcess(ForkedBooter.java:385)
	at org.apache.maven.surefire.booter.ForkedBooter.execute(ForkedBooter.java:162)
	at org.apache.maven.surefire.booter.ForkedBooter.run(ForkedBooter.java:507)
	at org.apache.maven.surefire.booter.ForkedBooter.main(ForkedBooter.java:495)
Caused by: org.openqa.selenium.TimeoutException: Expected condition failed: waiting for element to be clickable: By.xpath: //a[contains(text(), 'Login')] (tried for 20 second(s) with 500 milliseconds interval)
Build info: version: '4.25.0', revision: '8a8aea2337'
System info: os.name: 'Windows 11', os.arch: 'amd64', os.version: '10.0', java.version: '17.0.16'
Driver info: org.openqa.selenium.chrome.ChromeDriver
Capabilities {acceptInsecureCerts: false, browserName: chrome, browserVersion: 141.0.7390.123, chrome: {chromedriverVersion: 141.0.7390.122 (b477534e7e1..., userDataDir: C:\Users\vimal\AppData\Loca...}, fedcm:accounts: true, goog:chromeOptions: {debuggerAddress: localhost:63541}, networkConnectionEnabled: false, pageLoadStrategy: normal, platformName: windows, proxy: Proxy(), se:cdp: ws://localhost:63541/devtoo..., se:cdpVersion: 141.0.7390.123, setWindowRect: true, strictFileInteractability: false, timeouts: {implicit: 0, pageLoad: 300000, script: 30000}, unhandledPromptBehavior: dismiss and notify, webauthn:extension:credBlob: true, webauthn:extension:largeBlob: true, webauthn:extension:minPinLength: true, webauthn:extension:prf: true, webauthn:virtualAuthenticators: true}
Session ID: b57aa99404cb743aed19b4cb086b88a2
	at org.openqa.selenium.support.ui.WebDriverWait.timeoutException(WebDriverWait.java:84)
	at org.openqa.selenium.support.ui.FluentWait.until(FluentWait.java:228)
	at com.opencart.utilities.WaitUtils.waitForElementToBeClickable(WaitUtils.java:56)
	at com.opencart.pages.LoginPage.navigateToLogin(LoginPage.java:56)
	... 33 more
]]></failure>
    <system-out><![CDATA[[INFO] Test passed: testDataDrivenLogin
[INFO] Test started: testDataDrivenLogin
]]></system-out>
    <system-err><![CDATA[[main] ERROR io.qameta.allure.AllureLifecycle - Could not add attachment: no test is running
]]></system-err>
  </testcase>
  <testcase name="testDataDrivenLogin[vimal1@test.com, Password@123, SUCCESS](3)" classname="com.opencart.tests.LoginTests" time="55.261">
    <system-out><![CDATA[[INFO] Test failed: testDataDrivenLogin
[INFO] Test started: testDataDrivenLogin
[WARNING] Normal click failed for locator: By.xpath: //a[contains(text(), 'Logout')]. Retrying via JS...
]]></system-out>
    <system-err><![CDATA[[main] ERROR io.qameta.allure.AllureLifecycle - Could not add attachment: no test is running
[main] ERROR io.qameta.allure.AllureLifecycle - Could not add attachment: no test is running
[WARNING] Unable to access WebDriver: driver
]]></system-err>
  </testcase>
  <testcase name="testDataDrivenLogin[shivab1@test.com, Password@123, SUCCESS](4)" classname="com.opencart.tests.LoginTests" time="30.843">
    <failure message="Failed to navigate to Login page" type="java.lang.RuntimeException"><![CDATA[java.lang.RuntimeException: Failed to navigate to Login page
	at com.opencart.pages.LoginPage.navigateToLogin(LoginPage.java:70)
	at com.opencart.tests.LoginTests.testDataDrivenLogin(LoginTests.java:712)
	at java.base/jdk.internal.reflect.NativeMethodAccessorImpl.invoke0(Native Method)
	at java.base/jdk.internal.reflect.NativeMethodAccessorImpl.invoke(NativeMethodAccessorImpl.java:77)
	at java.base/jdk.internal.reflect.DelegatingMethodAccessorImpl.invoke(DelegatingMethodAccessorImpl.java:43)
	at java.base/java.lang.reflect.Method.invoke(Method.java:569)
	at org.testng.internal.invokers.MethodInvocationHelper.invokeMethod(MethodInvocationHelper.java:141)
	at org.testng.internal.invokers.TestInvoker.invokeMethod(TestInvoker.java:687)
	at org.testng.internal.invokers.TestInvoker.invokeTestMethod(TestInvoker.java:230)
	at org.testng.internal.invokers.MethodRunner.runInSequence(MethodRunner.java:63)
	at org.testng.internal.invokers.TestInvoker$MethodInvocationAgent.invoke(TestInvoker.java:995)
	at org.testng.internal.invokers.TestInvoker.invokeTestMethods(TestInvoker.java:203)
	at org.testng.internal.invokers.TestMethodWorker.invokeTestMethods(TestMethodWorker.java:154)
	at org.testng.internal.invokers.TestMethodWorker.run(TestMethodWorker.java:134)
	at java.base/java.util.ArrayList.forEach(ArrayList.java:1511)
	at org.testng.TestRunner.privateRun(TestRunner.java:741)
	at org.testng.TestRunner.run(TestRunner.java:616)
	at org.testng.SuiteRunner.runTest(SuiteRunner.java:421)
	at org.testng.SuiteRunner.runSequentially(SuiteRunner.java:413)
	at org.testng.SuiteRunner.privateRun(SuiteRunner.java:373)
	at org.testng.SuiteRunner.run(SuiteRunner.java:312)
	at org.testng.SuiteRunnerWorker.runSuite(SuiteRunnerWorker.java:52)
	at org.testng.SuiteRunnerWorker.run(SuiteRunnerWorker.java:95)
	at org.testng.TestNG.runSuitesSequentially(TestNG.java:1274)
	at org.testng.TestNG.runSuitesLocally(TestNG.java:1208)
	at org.testng.TestNG.runSuites(TestNG.java:1112)
	at org.testng.TestNG.run(TestNG.java:1079)
	at org.apache.maven.surefire.testng.TestNGExecutor.run(TestNGExecutor.java:308)
	at org.apache.maven.surefire.testng.TestNGXmlTestSuite.execute(TestNGXmlTestSuite.java:71)
	at org.apache.maven.surefire.testng.TestNGProvider.invoke(TestNGProvider.java:113)
	at org.apache.maven.surefire.booter.ForkedBooter.runSuitesInProcess(ForkedBooter.java:385)
	at org.apache.maven.surefire.booter.ForkedBooter.execute(ForkedBooter.java:162)
	at org.apache.maven.surefire.booter.ForkedBooter.run(ForkedBooter.java:507)
	at org.apache.maven.surefire.booter.ForkedBooter.main(ForkedBooter.java:495)
Caused by: org.openqa.selenium.TimeoutException: Expected condition failed: waiting for element to be clickable: By.xpath: //a[contains(text(), 'Login')] (tried for 20 second(s) with 500 milliseconds interval)
Build info: version: '4.25.0', revision: '8a8aea2337'
System info: os.name: 'Windows 11', os.arch: 'amd64', os.version: '10.0', java.version: '17.0.16'
Driver info: org.openqa.selenium.chrome.ChromeDriver
Capabilities {acceptInsecureCerts: false, browserName: chrome, browserVersion: 141.0.7390.123, chrome: {chromedriverVersion: 141.0.7390.122 (b477534e7e1..., userDataDir: C:\Users\vimal\AppData\Loca...}, fedcm:accounts: true, goog:chromeOptions: {debuggerAddress: localhost:63541}, networkConnectionEnabled: false, pageLoadStrategy: normal, platformName: windows, proxy: Proxy(), se:cdp: ws://localhost:63541/devtoo..., se:cdpVersion: 141.0.7390.123, setWindowRect: true, strictFileInteractability: false, timeouts: {implicit: 0, pageLoad: 300000, script: 30000}, unhandledPromptBehavior: dismiss and notify, webauthn:extension:credBlob: true, webauthn:extension:largeBlob: true, webauthn:extension:minPinLength: true, webauthn:extension:prf: true, webauthn:virtualAuthenticators: true}
Session ID: b57aa99404cb743aed19b4cb086b88a2
	at org.openqa.selenium.support.ui.WebDriverWait.timeoutException(WebDriverWait.java:84)
	at org.openqa.selenium.support.ui.FluentWait.until(FluentWait.java:228)
	at com.opencart.utilities.WaitUtils.waitForElementToBeClickable(WaitUtils.java:56)
	at com.opencart.pages.LoginPage.navigateToLogin(LoginPage.java:56)
	... 33 more
]]></failure>
    <system-out><![CDATA[[INFO] Test passed: testDataDrivenLogin
[INFO] Test started: testDataDrivenLogin
]]></system-out>
    <system-err><![CDATA[[main] ERROR io.qameta.allure.AllureLifecycle - Could not add attachment: no test is running
]]></system-err>
  </testcase>
  <testcase name="testDataDrivenLogin[venkatr1@test.com, Password@123, SUCCESS](5)" classname="com.opencart.tests.LoginTests" time="55.468">
    <system-out><![CDATA[[INFO] Test failed: testDataDrivenLogin
[INFO] Test started: testDataDrivenLogin
[WARNING] Normal click failed for locator: By.xpath: //a[contains(text(), 'Logout')]. Retrying via JS...
]]></system-out>
    <system-err><![CDATA[[main] ERROR io.qameta.allure.AllureLifecycle - Could not add attachment: no test is running
[main] ERROR io.qameta.allure.AllureLifecycle - Could not add attachment: no test is running
[WARNING] Unable to access WebDriver: driver
]]></system-err>
  </testcase>
  <testcase name="testDataDrivenLogin[vimal1@test.com, Password@123, SUCCESS](6)" classname="com.opencart.tests.LoginTests" time="30.765">
    <failure message="Failed to navigate to Login page" type="java.lang.RuntimeException"><![CDATA[java.lang.RuntimeException: Failed to navigate to Login page
	at com.opencart.pages.LoginPage.navigateToLogin(LoginPage.java:70)
	at com.opencart.tests.LoginTests.testDataDrivenLogin(LoginTests.java:712)
	at java.base/jdk.internal.reflect.NativeMethodAccessorImpl.invoke0(Native Method)
	at java.base/jdk.internal.reflect.NativeMethodAccessorImpl.invoke(NativeMethodAccessorImpl.java:77)
	at java.base/jdk.internal.reflect.DelegatingMethodAccessorImpl.invoke(DelegatingMethodAccessorImpl.java:43)
	at java.base/java.lang.reflect.Method.invoke(Method.java:569)
	at org.testng.internal.invokers.MethodInvocationHelper.invokeMethod(MethodInvocationHelper.java:141)
	at org.testng.internal.invokers.TestInvoker.invokeMethod(TestInvoker.java:687)
	at org.testng.internal.invokers.TestInvoker.invokeTestMethod(TestInvoker.java:230)
	at org.testng.internal.invokers.MethodRunner.runInSequence(MethodRunner.java:63)
	at org.testng.internal.invokers.TestInvoker$MethodInvocationAgent.invoke(TestInvoker.java:995)
	at org.testng.internal.invokers.TestInvoker.invokeTestMethods(TestInvoker.java:203)
	at org.testng.internal.invokers.TestMethodWorker.invokeTestMethods(TestMethodWorker.java:154)
	at org.testng.internal.invokers.TestMethodWorker.run(TestMethodWorker.java:134)
	at java.base/java.util.ArrayList.forEach(ArrayList.java:1511)
	at org.testng.TestRunner.privateRun(TestRunner.java:741)
	at org.testng.TestRunner.run(TestRunner.java:616)
	at org.testng.SuiteRunner.runTest(SuiteRunner.java:421)
	at org.testng.SuiteRunner.runSequentially(SuiteRunner.java:413)
	at org.testng.SuiteRunner.privateRun(SuiteRunner.java:373)
	at org.testng.SuiteRunner.run(SuiteRunner.java:312)
	at org.testng.SuiteRunnerWorker.runSuite(SuiteRunnerWorker.java:52)
	at org.testng.SuiteRunnerWorker.run(SuiteRunnerWorker.java:95)
	at org.testng.TestNG.runSuitesSequentially(TestNG.java:1274)
	at org.testng.TestNG.runSuitesLocally(TestNG.java:1208)
	at org.testng.TestNG.runSuites(TestNG.java:1112)
	at org.testng.TestNG.run(TestNG.java:1079)
	at org.apache.maven.surefire.testng.TestNGExecutor.run(TestNGExecutor.java:308)
	at org.apache.maven.surefire.testng.TestNGXmlTestSuite.execute(TestNGXmlTestSuite.java:71)
	at org.apache.maven.surefire.testng.TestNGProvider.invoke(TestNGProvider.java:113)
	at org.apache.maven.surefire.booter.ForkedBooter.runSuitesInProcess(ForkedBooter.java:385)
	at org.apache.maven.surefire.booter.ForkedBooter.execute(ForkedBooter.java:162)
	at org.apache.maven.surefire.booter.ForkedBooter.run(ForkedBooter.java:507)
	at org.apache.maven.surefire.booter.ForkedBooter.main(ForkedBooter.java:495)
Caused by: org.openqa.selenium.TimeoutException: Expected condition failed: waiting for element to be clickable: By.xpath: //a[contains(text(), 'Login')] (tried for 20 second(s) with 500 milliseconds interval)
Build info: version: '4.25.0', revision: '8a8aea2337'
System info: os.name: 'Windows 11', os.arch: 'amd64', os.version: '10.0', java.version: '17.0.16'
Driver info: org.openqa.selenium.chrome.ChromeDriver
Capabilities {acceptInsecureCerts: false, browserName: chrome, browserVersion: 141.0.7390.123, chrome: {chromedriverVersion: 141.0.7390.122 (b477534e7e1..., userDataDir: C:\Users\vimal\AppData\Loca...}, fedcm:accounts: true, goog:chromeOptions: {debuggerAddress: localhost:63541}, networkConnectionEnabled: false, pageLoadStrategy: normal, platformName: windows, proxy: Proxy(), se:cdp: ws://localhost:63541/devtoo..., se:cdpVersion: 141.0.7390.123, setWindowRect: true, strictFileInteractability: false, timeouts: {implicit: 0, pageLoad: 300000, script: 30000}, unhandledPromptBehavior: dismiss and notify, webauthn:extension:credBlob: true, webauthn:extension:largeBlob: true, webauthn:extension:minPinLength: true, webauthn:extension:prf: true, webauthn:virtualAuthenticators: true}
Session ID: b57aa99404cb743aed19b4cb086b88a2
	at org.openqa.selenium.support.ui.WebDriverWait.timeoutException(WebDriverWait.java:84)
	at org.openqa.selenium.support.ui.FluentWait.until(FluentWait.java:228)
	at com.opencart.utilities.WaitUtils.waitForElementToBeClickable(WaitUtils.java:56)
	at com.opencart.pages.LoginPage.navigateToLogin(LoginPage.java:56)
	... 33 more
]]></failure>
    <system-out><![CDATA[[INFO] Test passed: testDataDrivenLogin
[INFO] Test started: testDataDrivenLogin
]]></system-out>
    <system-err><![CDATA[[main] ERROR io.qameta.allure.AllureLifecycle - Could not add attachment: no test is running
]]></system-err>
  </testcase>
  <testcase name="testDataDrivenLogin[vk636485@gmail.com, Vimalutr16@, SUCCESS](7)" classname="com.opencart.tests.LoginTests" time="17.88">
    <system-out><![CDATA[[INFO] Test failed: testDataDrivenLogin
[INFO] Test started: testDataDrivenLogin
]]></system-out>
    <system-err><![CDATA[[main] ERROR io.qameta.allure.AllureLifecycle - Could not add attachment: no test is running
[main] ERROR io.qameta.allure.AllureLifecycle - Could not add attachment: no test is running
[WARNING] Unable to access WebDriver: driver
]]></system-err>
  </testcase>
  <testcase name="testDataDrivenLogin[invalid@test.com, WrongPassword123!, FAILURE](8)" classname="com.opencart.tests.LoginTests" time="15.537">
    <system-out><![CDATA[[INFO] Test passed: testDataDrivenLogin
[INFO] Test started: testDataDrivenLogin
]]></system-out>
    <system-err><![CDATA[[main] ERROR io.qameta.allure.AllureLifecycle - Could not add attachment: no test is running
]]></system-err>
  </testcase>
  <testcase name="testDataDrivenLogin[, Password@123, FAILURE](9)" classname="com.opencart.tests.LoginTests" time="23.114">
    <system-out><![CDATA[[INFO] Test passed: testDataDrivenLogin
[INFO] Test started: testDataDrivenLogin
]]></system-out>
    <system-err><![CDATA[[main] ERROR io.qameta.allure.AllureLifecycle - Could not add attachment: no test is running
]]></system-err>
  </testcase>
  <testcase name="testDataDrivenLogin[test@test.com, , FAILURE](10)" classname="com.opencart.tests.LoginTests" time="23.618">
    <system-out><![CDATA[[INFO] Test passed: testDataDrivenLogin
[INFO] Test started: testDataDrivenLogin
]]></system-out>
    <system-err><![CDATA[[main] ERROR io.qameta.allure.AllureLifecycle - Could not add attachment: no test is running
]]></system-err>
  </testcase>
  <testcase name="testDataDrivenLogin[, , FAILURE](11)" classname="com.opencart.tests.LoginTests" time="23.662">
    <system-out><![CDATA[[INFO] Test passed: testDataDrivenLogin
[INFO] Test started: testDataDrivenLogin
]]></system-out>
    <system-err><![CDATA[[main] ERROR io.qameta.allure.AllureLifecycle - Could not add attachment: no test is running
]]></system-err>
  </testcase>
  <testcase name="testDataDrivenLogin[invalidemail, Password@123, FAILURE](12)" classname="com.opencart.tests.LoginTests" time="23.668">
    <system-out><![CDATA[[INFO] Test passed: testDataDrivenLogin
[INFO] Test started: testDataDrivenLogin
]]></system-out>
    <system-err><![CDATA[[main] ERROR io.qameta.allure.AllureLifecycle - Could not add attachment: no test is running
]]></system-err>
  </testcase>
  <testcase name="cleanupAfterTests" classname="com.opencart.tests.LoginTests" time="0.592">
    <system-out><![CDATA[[INFO] Test passed: testDataDrivenLogin
[INFO] Test started: cleanupAfterTests
]]></system-out>
    <system-err><![CDATA[[main] ERROR io.qameta.allure.AllureLifecycle - Could not add attachment: no test is running
]]></system-err>
  </testcase>
  <testcase name="tearDownClass" classname="com.opencart.tests.LoginTests" time="0.625">
    <failure message="The following asserts failed:&#10;	Should be navigated to Forgotten Password page expected [true] but found [false],&#10;	Login should fail with invalid credentials: invalid@test.com expected [false] but found [true],&#10;	Login should fail with invalid credentials:  expected [false] but found [true],&#10;	Login should fail with invalid credentials: test@test.com expected [false] but found [true],&#10;	Login should fail with invalid credentials:  expected [false] but found [true],&#10;	Login should fail with invalid credentials: invalidemail expected [false] but found [true]" type="java.lang.AssertionError"><![CDATA[java.lang.AssertionError: 
The following asserts failed:
	Should be navigated to Forgotten Password page expected [true] but found [false],
	Login should fail with invalid credentials: invalid@test.com expected [false] but found [true],
	Login should fail with invalid credentials:  expected [false] but found [true],
	Login should fail with invalid credentials: test@test.com expected [false] but found [true],
	Login should fail with invalid credentials:  expected [false] but found [true],
	Login should fail with invalid credentials: invalidemail expected [false] but found [true]
	at org.testng.asserts.SoftAssert.assertAll(SoftAssert.java:46)
	at org.testng.asserts.SoftAssert.assertAll(SoftAssert.java:30)
	at com.opencart.base.BaseTest.tearDownClass(BaseTest.java:146)
	at java.base/jdk.internal.reflect.NativeMethodAccessorImpl.invoke0(Native Method)
	at java.base/jdk.internal.reflect.NativeMethodAccessorImpl.invoke(NativeMethodAccessorImpl.java:77)
	at java.base/jdk.internal.reflect.DelegatingMethodAccessorImpl.invoke(DelegatingMethodAccessorImpl.java:43)
	at java.base/java.lang.reflect.Method.invoke(Method.java:569)
	at org.testng.internal.invokers.MethodInvocationHelper.invokeMethod(MethodInvocationHelper.java:141)
	at org.testng.internal.invokers.MethodInvocationHelper.invokeMethodConsideringTimeout(MethodInvocationHelper.java:71)
	at org.testng.internal.invokers.ConfigInvoker.invokeConfigurationMethod(ConfigInvoker.java:400)
	at org.testng.internal.invokers.ConfigInvoker.invokeConfigurations(ConfigInvoker.java:333)
	at org.testng.internal.invokers.TestMethodWorker.invokeAfterClassConfigurations(TestMethodWorker.java:238)
	at org.testng.internal.invokers.TestMethodWorker.invokeAfterClassMethods(TestMethodWorker.java:223)
	at org.testng.internal.invokers.TestMethodWorker.run(TestMethodWorker.java:137)
	at java.base/java.util.ArrayList.forEach(ArrayList.java:1511)
	at org.testng.TestRunner.privateRun(TestRunner.java:741)
	at org.testng.TestRunner.run(TestRunner.java:616)
	at org.testng.SuiteRunner.runTest(SuiteRunner.java:421)
	at org.testng.SuiteRunner.runSequentially(SuiteRunner.java:413)
	at org.testng.SuiteRunner.privateRun(SuiteRunner.java:373)
	at org.testng.SuiteRunner.run(SuiteRunner.java:312)
	at org.testng.SuiteRunnerWorker.runSuite(SuiteRunnerWorker.java:52)
	at org.testng.SuiteRunnerWorker.run(SuiteRunnerWorker.java:95)
	at org.testng.TestNG.runSuitesSequentially(TestNG.java:1274)
	at org.testng.TestNG.runSuitesLocally(TestNG.java:1208)
	at org.testng.TestNG.runSuites(TestNG.java:1112)
	at org.testng.TestNG.run(TestNG.java:1079)
	at org.apache.maven.surefire.testng.TestNGExecutor.run(TestNGExecutor.java:308)
	at org.apache.maven.surefire.testng.TestNGXmlTestSuite.execute(TestNGXmlTestSuite.java:71)
	at org.apache.maven.surefire.testng.TestNGProvider.invoke(TestNGProvider.java:113)
	at org.apache.maven.surefire.booter.ForkedBooter.runSuitesInProcess(ForkedBooter.java:385)
	at org.apache.maven.surefire.booter.ForkedBooter.execute(ForkedBooter.java:162)
	at org.apache.maven.surefire.booter.ForkedBooter.run(ForkedBooter.java:507)
	at org.apache.maven.surefire.booter.ForkedBooter.main(ForkedBooter.java:495)
]]></failure>
    <system-out><![CDATA[[INFO] Test passed: cleanupAfterTests
]]></system-out>
    <system-err><![CDATA[[main] ERROR io.qameta.allure.AllureLifecycle - Could not add attachment: no test is running
]]></system-err>
  </testcase>
</testsuite>